2024-05-16 13:49:20 [32minfo[39m: Server running on port 5001
2024-05-16 13:49:20 [32minfo[39m: MongoDB connected successfully
2024-05-16 14:04:35 [32minfo[39m: Server running on port 5001
2024-05-16 14:04:35 [32minfo[39m: MongoDB connected successfully
2024-05-16 14:07:48 [32minfo[39m: Server running on port 5001
2024-05-16 14:07:48 [32minfo[39m: MongoDB connected successfully
2024-05-16 14:13:08 [32minfo[39m: Server running on port 5001
2024-05-16 14:13:08 [32minfo[39m: MongoDB connected successfully
2024-05-16 14:34:36 [32minfo[39m: Server running on port 5001
2024-05-16 14:34:36 [32minfo[39m: MongoDB connected successfully
2024-05-16 14:37:41 [32minfo[39m: Server running on port 5001
2024-05-16 14:37:41 [32minfo[39m: MongoDB connected successfully
2024-05-16 14:41:28 [32minfo[39m: Server running on port 5001
2024-05-16 14:41:28 [32minfo[39m: MongoDB connected successfully
2024-05-16 14:45:14 [32minfo[39m: Server running on port 5001
2024-05-16 14:45:14 [32minfo[39m: MongoDB connected successfully
2024-05-16 14:51:44 [32minfo[39m: Server running on port 5001
2024-05-16 14:51:44 [32minfo[39m: MongoDB connected successfully
2024-05-16 18:25:32 [32minfo[39m: Server running on port 5001
2024-05-16 18:25:32 [32minfo[39m: MongoDB connected successfully
2024-05-16 18:31:13 [32minfo[39m: Server running on port 5001
2024-05-16 18:31:13 [32minfo[39m: MongoDB connected successfully
2024-05-16 18:51:40 [32minfo[39m: Server running on port 5001
2024-05-16 18:51:40 [32minfo[39m: MongoDB connected successfully
2024-05-16 19:09:16 [32minfo[39m: Server running on port 5001
2024-05-16 19:09:16 [32minfo[39m: MongoDB connected successfully
2024-05-16 19:18:06 [32minfo[39m: Server running on port 5001
2024-05-16 19:18:06 [32minfo[39m: MongoDB connected successfully
2024-05-16 19:18:14 [33mwarn[39m: No unanswered questions found
2024-05-16 19:18:17 [31merror[39m: Error retrieving question: CastError: Cast to ObjectId failed for value "recent" (type string) at path "_id" for model "Question"
2024-05-16 19:18:42 [32minfo[39m: Register attempt for email: alibenji977@gmail.com
2024-05-16 19:18:42 [32minfo[39m: Attempting to save user: alibenji977@gmail.com
2024-05-16 19:18:42 [32minfo[39m: New user created: alibenji977@gmail.com
2024-05-16 19:18:42 [32minfo[39m: User registered successfully: alibenji977@gmail.com
2024-05-16 19:18:54 [32minfo[39m: Login attempt for email: alibenji977@gmail.com
2024-05-16 19:18:55 [32minfo[39m: User logged in successfully, token issued: alibenji977@gmail.com
2024-05-16 19:18:55 [31merror[39m: Error retrieving question: CastError: Cast to ObjectId failed for value "recent" (type string) at path "_id" for model "Question"
2024-05-16 19:33:04 [33mwarn[39m: No unanswered questions found
2024-05-16 19:33:06 [31merror[39m: Error retrieving question: CastError: Cast to ObjectId failed for value "recent" (type string) at path "_id" for model "Question"
2024-05-16 21:24:12 [32minfo[39m: Login attempt for email: AliBenjouad
2024-05-16 21:24:12 [33mwarn[39m: Login failed, no user found: AliBenjouad
2024-05-16 21:24:12 [31merror[39m: Error retrieving question: CastError: Cast to ObjectId failed for value "recent" (type string) at path "_id" for model "Question"
2024-05-16 21:24:21 [31merror[39m: Error retrieving question: CastError: Cast to ObjectId failed for value "recent" (type string) at path "_id" for model "Question"
2024-05-16 21:24:51 [31merror[39m: Error retrieving question: CastError: Cast to ObjectId failed for value "recent" (type string) at path "_id" for model "Question"
2024-05-16 21:37:30 [32minfo[39m: Server running on port 5001
2024-05-16 21:37:30 [32minfo[39m: MongoDB connected successfully
2024-05-16 21:38:03 [32minfo[39m: Register attempt for email: alibenji800@gmail.com
2024-05-16 21:38:03 [32minfo[39m: Attempting to save user: alibenji800@gmail.com
2024-05-16 21:38:03 [32minfo[39m: New user created: alibenji800@gmail.com
2024-05-16 21:38:03 [32minfo[39m: User registered successfully: alibenji800@gmail.com
2024-05-16 21:38:22 [32minfo[39m: Login attempt for email: alibenji800@gmail.com
2024-05-16 21:38:22 [32minfo[39m: User logged in successfully, token issued: alibenji800@gmail.com
2024-05-16 21:38:22 [31merror[39m: Error retrieving question: CastError: Cast to ObjectId failed for value "recent" (type string) at path "_id" for model "Question"
2024-05-16 21:38:39 [33mwarn[39m: No unanswered questions found
2024-05-16 21:38:43 [32minfo[39m: Questions retrieved successfully
2024-05-16 21:38:51 [31merror[39m: Internal server error: Error: Unknown authentication strategy "jwt"
2024-05-16 21:39:08 [33mwarn[39m: No unanswered questions found
2024-05-17 10:44:09 [32minfo[39m: Server running on port 5001
2024-05-17 10:44:09 [32minfo[39m: MongoDB connected successfully
2024-05-17 10:47:13 [32minfo[39m: Server running on port 5001
2024-05-17 10:47:13 [32minfo[39m: MongoDB connected successfully
2024-05-17 11:26:21 [32minfo[39m: Server running on port 5001
2024-05-17 11:26:21 [32minfo[39m: MongoDB connected successfully
2024-05-17 11:36:04 [32minfo[39m: Server running on port 5001
2024-05-17 11:36:04 [32minfo[39m: MongoDB connected successfully
2024-05-17 11:37:55 [32minfo[39m: Server running on port 5001
2024-05-17 11:37:55 [32minfo[39m: MongoDB connected successfully
2024-05-17 16:15:30 [32minfo[39m: Server running on port 5001
2024-05-17 16:15:30 [32minfo[39m: MongoDB connected successfully
2024-05-17 16:18:02 [32minfo[39m: Login attempt for email: alibenji800@gmail.com
2024-05-17 16:18:02 [32minfo[39m: User logged in successfully, token issued: alibenji800@gmail.com
2024-05-17 16:18:05 [32minfo[39m: Login attempt for email: alibenji800@gmail.com
2024-05-17 16:18:05 [32minfo[39m: User logged in successfully, token issued: alibenji800@gmail.com
2024-05-17 16:18:34 [32minfo[39m: Login attempt for email: alibenji800@gmail.com
2024-05-17 16:18:34 [32minfo[39m: User logged in successfully, token issued: alibenji800@gmail.com
2024-05-17 16:18:53 [32minfo[39m: Login attempt for email: alibenji800@gmail.com
2024-05-17 16:18:53 [32minfo[39m: User logged in successfully, token issued: alibenji800@gmail.com
2024-05-17 16:21:48 [32minfo[39m: Server running on port 5001
2024-05-17 16:21:48 [32minfo[39m: MongoDB connected successfully
2024-05-17 16:22:04 [32minfo[39m: Login attempt for email: alibenji800@gmail.com
2024-05-17 16:22:04 [32minfo[39m: User logged in successfully, token issued: alibenji800@gmail.com
2024-05-17 16:25:49 [32minfo[39m: Server running on port 5001
2024-05-17 16:25:49 [32minfo[39m: MongoDB connected successfully
2024-05-17 16:29:17 [32minfo[39m: Login attempt for email: alibenji800@gmail.com
2024-05-17 16:29:17 [32minfo[39m: User logged in successfully, token issued: alibenji800@gmail.com
2024-05-17 16:29:17 [31merror[39m: Error retrieving question: CastError: Cast to ObjectId failed for value "recent" (type string) at path "_id" for model "Question"
2024-05-17 16:37:16 [31merror[39m: Error retrieving question: CastError: Cast to ObjectId failed for value "recent" (type string) at path "_id" for model "Question"
2024-05-17 16:41:03 [31merror[39m: Error retrieving question: CastError: Cast to ObjectId failed for value "recent" (type string) at path "_id" for model "Question"
2024-05-17 20:21:01 [32minfo[39m: Server running on port 5001
2024-05-17 20:23:11 [32minfo[39m: Server running on port 5001
2024-05-17 20:30:21 [32minfo[39m: Connecting to MongoDB...
2024-05-17 20:30:21 [32minfo[39m: Server running on port 5001
2024-05-17 20:30:21 [32minfo[39m: MongoDB connected successfully
2024-05-17 20:32:45 [32minfo[39m: Connecting to MongoDB...
2024-05-17 20:32:45 [32minfo[39m: Server running on port 5001
2024-05-17 20:32:45 [32minfo[39m: MongoDB connected successfully
2024-05-17 20:35:42 [32minfo[39m: Connecting to MongoDB...
2024-05-17 20:35:42 [32minfo[39m: Server running on port 5001
2024-05-17 20:35:42 [32minfo[39m: MongoDB connected successfully
2024-05-17 20:36:06 [32minfo[39m: Incoming request: POST /api/users/register
2024-05-17 20:36:06 [32minfo[39m: Attempting to register user
2024-05-17 20:36:06 [32minfo[39m: Attempting to save user: testuser@example.com
2024-05-17 20:36:06 [32minfo[39m: New user created: testuser@example.com
2024-05-17 20:36:06 [32minfo[39m: User registered successfully: testuser@example.com
2024-05-17 20:37:46 [32minfo[39m: Incoming request: POST /api/users/login
2024-05-17 20:37:46 [32minfo[39m: Login attempt for testuser@example.com
2024-05-17 20:37:46 [32minfo[39m: User logged in successfully: testuser@example.com
2024-05-17 20:38:58 [32minfo[39m: Incoming request: POST /api/questions/
2024-05-17 20:39:38 [32minfo[39m: Incoming request: GET /api/questions/
2024-05-17 20:39:38 [32minfo[39m: Retrieving all questions
2024-05-17 20:39:38 [32minfo[39m: Questions retrieved successfully
2024-05-17 20:40:22 [32minfo[39m: Incoming request: GET /api/questions/recent
2024-05-17 20:40:22 [32minfo[39m: Retrieving recent questions
2024-05-17 20:40:22 [32minfo[39m: Recent questions retrieved successfully:
2024-05-17 20:40:33 [32minfo[39m: Incoming request: GET /api/questions/QUESTION_ID
2024-05-17 20:40:33 [32minfo[39m: Retrieving question with ID: QUESTION_ID
2024-05-17 20:40:33 [31merror[39m: Error retrieving question: Cast to ObjectId failed for value "QUESTION_ID" (type string) at path "_id" for model "Question"
2024-05-17 20:42:24 [32minfo[39m: Incoming request: GET /api/questions/search/TITLE
2024-05-17 20:42:24 [32minfo[39m: Searching questions with title: TITLE
2024-05-17 20:42:24 [33mwarn[39m: No questions found with title matching: TITLE
2024-05-17 20:47:06 [32minfo[39m: Incoming request: GET /api/questions/filter/unanswered
2024-05-17 20:47:06 [32minfo[39m: Filtering questions by status: unanswered
2024-05-17 20:47:06 [33mwarn[39m: No unanswered questions found
2024-05-17 22:17:52 [32minfo[39m: Connecting to MongoDB...
2024-05-17 22:17:52 [32minfo[39m: Server running on port 5001
2024-05-17 22:17:52 [32minfo[39m: MongoDB connected successfully
2024-05-17 22:26:33 [32minfo[39m: Incoming request: GET /api/questions/recent
2024-05-17 22:26:33 [32minfo[39m: Retrieving recent questions
2024-05-17 22:26:34 [32minfo[39m: Recent questions retrieved successfully:
2024-05-17 22:29:56 [32minfo[39m: Connecting to MongoDB...
2024-05-17 22:29:56 [32minfo[39m: Server running on port 5001
2024-05-17 22:29:56 [32minfo[39m: MongoDB connected successfully
2024-05-17 22:41:52 [32minfo[39m: Connecting to MongoDB...
2024-05-17 22:41:52 [32minfo[39m: Server running on port 5001
2024-05-17 22:41:52 [32minfo[39m: MongoDB connected successfully
2024-05-17 22:42:07 [32minfo[39m: Incoming request: GET /api/questions/recent
2024-05-17 22:42:07 [32minfo[39m: Retrieving recent questions
2024-05-17 22:42:07 [32minfo[39m: Recent questions retrieved successfully:
2024-05-17 22:47:57 [32minfo[39m: Incoming request: POST /api/users/login
2024-05-17 22:47:57 [32minfo[39m: Login attempt for alibenji800@gmail.com
2024-05-17 22:47:57 [32minfo[39m: User logged in successfully: alibenji800@gmail.com
2024-05-17 22:47:57 [32minfo[39m: Incoming request: GET /api/questions/recent
2024-05-17 22:47:57 [32minfo[39m: Retrieving recent questions
2024-05-17 22:47:57 [32minfo[39m: Recent questions retrieved successfully:
2024-05-17 22:59:50 [32minfo[39m: Connecting to MongoDB...
2024-05-17 22:59:50 [32minfo[39m: Server running on port 5001
2024-05-17 22:59:50 [32minfo[39m: MongoDB connected successfully
2024-05-17 23:00:05 [32minfo[39m: Incoming request: GET /api/questions/recent
2024-05-17 23:00:05 [32minfo[39m: Retrieving recent questions
2024-05-17 23:00:06 [32minfo[39m: Recent questions retrieved successfully:
2024-05-17 23:01:33 [32minfo[39m: Incoming request: GET /api/questions/recent
2024-05-17 23:01:33 [32minfo[39m: Retrieving recent questions
2024-05-17 23:01:33 [32minfo[39m: Recent questions retrieved successfully:
2024-05-17 23:01:44 [32minfo[39m: Incoming request: POST /api/users/login
2024-05-17 23:01:44 [32minfo[39m: Login attempt for alibenji800@gmail.com
2024-05-17 23:01:44 [32minfo[39m: User logged in successfully: alibenji800@gmail.com
2024-05-17 23:01:44 [32minfo[39m: Incoming request: GET /api/questions/recent
2024-05-17 23:01:44 [32minfo[39m: Retrieving recent questions
2024-05-17 23:01:44 [32minfo[39m: Recent questions retrieved successfully:
2024-05-17 23:03:56 [32minfo[39m: Incoming request: GET /api/questions/recent
2024-05-17 23:03:56 [32minfo[39m: Retrieving recent questions
2024-05-17 23:03:56 [32minfo[39m: Recent questions retrieved successfully:
2024-05-17 23:04:31 [32minfo[39m: Incoming request: POST /api/users/login
2024-05-17 23:04:31 [32minfo[39m: Login attempt for alibenji800@gmail.com
2024-05-17 23:04:32 [32minfo[39m: User logged in successfully: alibenji800@gmail.com
2024-05-17 23:04:32 [32minfo[39m: Incoming request: GET /api/questions/recent
2024-05-17 23:04:32 [32minfo[39m: Retrieving recent questions
2024-05-17 23:04:32 [32minfo[39m: Recent questions retrieved successfully:
2024-05-17 23:20:09 [32minfo[39m: Incoming request: GET /api/questions/recent
2024-05-17 23:20:09 [32minfo[39m: Retrieving recent questions
2024-05-17 23:20:09 [32minfo[39m: Recent questions retrieved successfully:
2024-05-17 23:20:29 [32minfo[39m: Incoming request: POST /api/users/login
2024-05-17 23:20:29 [32minfo[39m: Login attempt for alibenji800@gmail.com
2024-05-17 23:20:29 [32minfo[39m: User logged in successfully: alibenji800@gmail.com
2024-05-17 23:20:29 [32minfo[39m: Incoming request: GET /api/questions/recent
2024-05-17 23:20:29 [32minfo[39m: Retrieving recent questions
2024-05-17 23:20:29 [32minfo[39m: Recent questions retrieved successfully:
2024-05-17 23:25:13 [32minfo[39m: Connecting to MongoDB...
2024-05-17 23:25:13 [32minfo[39m: Server running on port 5001
2024-05-17 23:25:13 [32minfo[39m: MongoDB connected successfully
2024-05-17 23:25:28 [32minfo[39m: Incoming request: GET /api/questions/recent
2024-05-17 23:25:28 [32minfo[39m: Retrieving recent questions
2024-05-17 23:25:28 [32minfo[39m: Recent questions retrieved successfully:
2024-05-17 23:25:42 [32minfo[39m: Incoming request: GET /api/questions/recent
2024-05-17 23:25:42 [32minfo[39m: Retrieving recent questions
2024-05-17 23:25:42 [32minfo[39m: Recent questions retrieved successfully:
2024-05-17 23:25:57 [32minfo[39m: Incoming request: GET /api/questions/recent
2024-05-17 23:25:57 [32minfo[39m: Retrieving recent questions
2024-05-17 23:25:57 [32minfo[39m: Recent questions retrieved successfully:
2024-05-17 23:26:15 [32minfo[39m: Incoming request: GET /api/questions/recent
2024-05-17 23:26:15 [32minfo[39m: Retrieving recent questions
2024-05-17 23:26:15 [32minfo[39m: Recent questions retrieved successfully:
2024-05-17 23:26:29 [32minfo[39m: Incoming request: GET /api/questions/recent
2024-05-17 23:26:29 [32minfo[39m: Retrieving recent questions
2024-05-17 23:26:29 [32minfo[39m: Recent questions retrieved successfully:
2024-05-17 23:27:20 [32minfo[39m: Incoming request: GET /api/questions/recent
2024-05-17 23:27:20 [32minfo[39m: Retrieving recent questions
2024-05-17 23:27:20 [32minfo[39m: Recent questions retrieved successfully:
2024-05-17 23:27:23 [32minfo[39m: Incoming request: POST /api/users/logout
2024-05-17 23:27:23 [33mwarn[39m: 404 Not Found: /api/users/logout
2024-05-17 23:27:29 [32minfo[39m: Incoming request: POST /api/users/login
2024-05-17 23:27:29 [32minfo[39m: Login attempt for alibenji800@gmail.com
2024-05-17 23:27:29 [32minfo[39m: User logged in successfully: alibenji800@gmail.com
2024-05-17 23:27:29 [32minfo[39m: Incoming request: GET /api/questions/recent
2024-05-17 23:27:29 [32minfo[39m: Retrieving recent questions
2024-05-17 23:27:29 [32minfo[39m: Recent questions retrieved successfully:
2024-05-17 23:27:34 [32minfo[39m: Incoming request: POST /api/users/logout
2024-05-17 23:27:34 [33mwarn[39m: 404 Not Found: /api/users/logout
2024-05-17 23:27:41 [32minfo[39m: Incoming request: POST /api/users/login
2024-05-17 23:27:41 [32minfo[39m: Login attempt for alibenji800@gmail.com
2024-05-17 23:27:42 [32minfo[39m: User logged in successfully: alibenji800@gmail.com
2024-05-17 23:27:42 [32minfo[39m: Incoming request: GET /api/questions/recent
2024-05-17 23:27:42 [32minfo[39m: Retrieving recent questions
2024-05-17 23:27:42 [32minfo[39m: Recent questions retrieved successfully:
2024-05-17 23:28:59 [32minfo[39m: Connecting to MongoDB...
2024-05-17 23:28:59 [32minfo[39m: Server running on port 5001
2024-05-17 23:28:59 [32minfo[39m: MongoDB connected successfully
2024-05-17 23:41:22 [32minfo[39m: Incoming request: GET /api/questions/recent
2024-05-17 23:41:22 [32minfo[39m: Retrieving recent questions
2024-05-17 23:41:22 [32minfo[39m: Recent questions retrieved successfully:
2024-05-17 23:42:10 [32minfo[39m: Incoming request: GET /api/questions/recent
2024-05-17 23:42:10 [32minfo[39m: Retrieving recent questions
2024-05-17 23:42:10 [32minfo[39m: Recent questions retrieved successfully:
2024-05-17 23:43:37 [32minfo[39m: Incoming request: GET /api/questions/recent
2024-05-17 23:43:37 [32minfo[39m: Retrieving recent questions
2024-05-17 23:43:37 [32minfo[39m: Recent questions retrieved successfully:
2024-05-17 23:43:58 [32minfo[39m: Incoming request: GET /api/questions/recent
2024-05-17 23:43:58 [32minfo[39m: Retrieving recent questions
2024-05-17 23:43:58 [32minfo[39m: Recent questions retrieved successfully:
2024-05-17 23:44:18 [32minfo[39m: Incoming request: POST /api/users/logout
2024-05-17 23:44:18 [33mwarn[39m: 404 Not Found: /api/users/logout
2024-05-17 23:44:18 [32minfo[39m: Incoming request: POST /api/users/logout
2024-05-17 23:44:18 [33mwarn[39m: 404 Not Found: /api/users/logout
2024-05-17 23:44:18 [32minfo[39m: Incoming request: POST /api/users/logout
2024-05-17 23:44:18 [33mwarn[39m: 404 Not Found: /api/users/logout
2024-05-17 23:44:19 [32minfo[39m: Incoming request: POST /api/users/logout
2024-05-17 23:44:19 [33mwarn[39m: 404 Not Found: /api/users/logout
2024-05-17 23:44:19 [32minfo[39m: Incoming request: POST /api/users/logout
2024-05-17 23:44:19 [33mwarn[39m: 404 Not Found: /api/users/logout
2024-05-17 23:44:20 [32minfo[39m: Incoming request: POST /api/users/logout
2024-05-17 23:44:20 [33mwarn[39m: 404 Not Found: /api/users/logout
2024-05-17 23:44:24 [32minfo[39m: Incoming request: GET /api/questions/recent
2024-05-17 23:44:24 [32minfo[39m: Retrieving recent questions
2024-05-17 23:44:24 [32minfo[39m: Recent questions retrieved successfully:
2024-05-17 23:49:09 [32minfo[39m: Incoming request: POST /api/users/login
2024-05-17 23:49:09 [32minfo[39m: Login attempt for alibenji800@gmail.com
2024-05-17 23:49:09 [32minfo[39m: User logged in successfully: alibenji800@gmail.com
2024-05-17 23:49:09 [32minfo[39m: Incoming request: GET /api/questions/recent
2024-05-17 23:49:09 [32minfo[39m: Retrieving recent questions
2024-05-17 23:49:09 [32minfo[39m: Recent questions retrieved successfully:
2024-05-17 23:49:13 [32minfo[39m: Incoming request: POST /api/users/logout
2024-05-17 23:49:13 [33mwarn[39m: 404 Not Found: /api/users/logout
2024-05-17 23:49:14 [32minfo[39m: Incoming request: POST /api/users/logout
2024-05-17 23:49:14 [33mwarn[39m: 404 Not Found: /api/users/logout
2024-05-17 23:50:16 [32minfo[39m: Incoming request: POST /api/users/login
2024-05-17 23:50:16 [32minfo[39m: Login attempt for alibenji800@gmail.com
2024-05-17 23:50:16 [32minfo[39m: User logged in successfully: alibenji800@gmail.com
2024-05-17 23:50:16 [32minfo[39m: Incoming request: GET /api/questions/recent
2024-05-17 23:50:16 [32minfo[39m: Retrieving recent questions
2024-05-17 23:50:16 [32minfo[39m: Recent questions retrieved successfully:
2024-05-17 23:56:03 [32minfo[39m: Incoming request: GET /api/questions/recent
2024-05-17 23:56:03 [32minfo[39m: Retrieving recent questions
2024-05-17 23:56:03 [32minfo[39m: Recent questions retrieved successfully:
2024-05-18 00:00:02 [32minfo[39m: Incoming request: GET /api/questions/recent
2024-05-18 00:00:02 [32minfo[39m: Retrieving recent questions
2024-05-18 00:00:02 [32minfo[39m: Recent questions retrieved successfully:
2024-05-18 00:00:10 [32minfo[39m: Incoming request: GET /api/questions/recent
2024-05-18 00:00:10 [32minfo[39m: Retrieving recent questions
2024-05-18 00:00:10 [32minfo[39m: Recent questions retrieved successfully:
2024-05-18 00:00:10 [32minfo[39m: Incoming request: GET /api/questions/recent
2024-05-18 00:00:10 [32minfo[39m: Retrieving recent questions
2024-05-18 00:00:10 [32minfo[39m: Recent questions retrieved successfully:
2024-05-18 00:00:30 [32minfo[39m: Incoming request: GET /api/questions/recent
2024-05-18 00:00:30 [32minfo[39m: Retrieving recent questions
2024-05-18 00:00:30 [32minfo[39m: Recent questions retrieved successfully:
2024-05-18 00:00:36 [32minfo[39m: Incoming request: GET /api/questions/recent
2024-05-18 00:00:36 [32minfo[39m: Retrieving recent questions
2024-05-18 00:00:36 [32minfo[39m: Recent questions retrieved successfully:
2024-05-18 00:00:42 [32minfo[39m: Incoming request: GET /api/questions/recent
2024-05-18 00:00:42 [32minfo[39m: Retrieving recent questions
2024-05-18 00:00:42 [32minfo[39m: Recent questions retrieved successfully:
2024-05-18 00:01:00 [32minfo[39m: Incoming request: GET /api/questions/recent
2024-05-18 00:01:00 [32minfo[39m: Retrieving recent questions
2024-05-18 00:01:00 [32minfo[39m: Recent questions retrieved successfully:
2024-05-18 00:01:17 [32minfo[39m: Incoming request: GET /api/questions/recent
2024-05-18 00:01:17 [32minfo[39m: Retrieving recent questions
2024-05-18 00:01:17 [32minfo[39m: Recent questions retrieved successfully:
2024-05-18 00:01:27 [32minfo[39m: Incoming request: GET /api/questions/recent
2024-05-18 00:01:27 [32minfo[39m: Retrieving recent questions
2024-05-18 00:01:27 [32minfo[39m: Recent questions retrieved successfully:
2024-05-18 00:02:17 [32minfo[39m: Incoming request: GET /api/questions/recent
2024-05-18 00:02:17 [32minfo[39m: Retrieving recent questions
2024-05-18 00:02:17 [32minfo[39m: Recent questions retrieved successfully:
2024-05-18 00:02:27 [32minfo[39m: Incoming request: GET /api/questions/recent
2024-05-18 00:02:27 [32minfo[39m: Retrieving recent questions
2024-05-18 00:02:27 [32minfo[39m: Recent questions retrieved successfully:
2024-05-18 00:02:38 [32minfo[39m: Incoming request: GET /api/questions/recent
2024-05-18 00:02:38 [32minfo[39m: Retrieving recent questions
2024-05-18 00:02:38 [32minfo[39m: Recent questions retrieved successfully:
2024-05-18 00:03:08 [32minfo[39m: Incoming request: GET /api/questions/recent
2024-05-18 00:03:08 [32minfo[39m: Retrieving recent questions
2024-05-18 00:03:08 [32minfo[39m: Recent questions retrieved successfully:
2024-05-18 00:07:03 [32minfo[39m: Incoming request: GET /api/questions/recent
2024-05-18 00:07:03 [32minfo[39m: Retrieving recent questions
2024-05-18 00:07:03 [32minfo[39m: Recent questions retrieved successfully:
2024-05-18 00:08:39 [32minfo[39m: Incoming request: GET /api/questions/recent
2024-05-18 00:08:39 [32minfo[39m: Retrieving recent questions
2024-05-18 00:08:39 [32minfo[39m: Recent questions retrieved successfully:
2024-05-18 00:08:49 [32minfo[39m: Incoming request: GET /api/questions/recent
2024-05-18 00:08:49 [32minfo[39m: Retrieving recent questions
2024-05-18 00:08:49 [32minfo[39m: Recent questions retrieved successfully:
2024-05-18 00:09:05 [32minfo[39m: Incoming request: GET /api/questions/recent
2024-05-18 00:09:05 [32minfo[39m: Retrieving recent questions
2024-05-18 00:09:05 [32minfo[39m: Recent questions retrieved successfully:
2024-05-18 00:09:22 [32minfo[39m: Incoming request: GET /api/questions/recent
2024-05-18 00:09:22 [32minfo[39m: Retrieving recent questions
2024-05-18 00:09:22 [32minfo[39m: Recent questions retrieved successfully:
2024-05-18 00:09:38 [32minfo[39m: Incoming request: POST /api/users/login
2024-05-18 00:09:38 [32minfo[39m: Login attempt for alibenji800@gmail.com
2024-05-18 00:09:38 [32minfo[39m: User logged in successfully: alibenji800@gmail.com
2024-05-18 00:09:38 [32minfo[39m: Incoming request: GET /api/questions/recent
2024-05-18 00:09:38 [32minfo[39m: Retrieving recent questions
2024-05-18 00:09:38 [32minfo[39m: Recent questions retrieved successfully:
2024-05-18 00:09:39 [32minfo[39m: Incoming request: POST /api/users/logout
2024-05-18 00:09:39 [33mwarn[39m: 404 Not Found: /api/users/logout
2024-05-18 00:09:45 [32minfo[39m: Incoming request: POST /api/users/login
2024-05-18 00:09:45 [32minfo[39m: Login attempt for alibenji800@gmail.com
2024-05-18 00:09:45 [32minfo[39m: User logged in successfully: alibenji800@gmail.com
2024-05-18 00:09:45 [32minfo[39m: Incoming request: GET /api/questions/recent
2024-05-18 00:09:45 [32minfo[39m: Retrieving recent questions
2024-05-18 00:09:45 [32minfo[39m: Recent questions retrieved successfully:
2024-05-18 00:09:53 [32minfo[39m: Incoming request: POST /api/users/login
2024-05-18 00:09:53 [32minfo[39m: Login attempt for alibenji800@gmail.com
2024-05-18 00:09:53 [32minfo[39m: User logged in successfully: alibenji800@gmail.com
2024-05-18 00:09:53 [32minfo[39m: Incoming request: GET /api/questions/recent
2024-05-18 00:09:53 [32minfo[39m: Retrieving recent questions
2024-05-18 00:09:53 [32minfo[39m: Recent questions retrieved successfully:
2024-05-18 21:06:16 [32minfo[39m: Connecting to MongoDB...
2024-05-18 21:06:16 [32minfo[39m: Server running on port 5001
2024-05-18 21:06:16 [32minfo[39m: MongoDB connected successfully
2024-05-18 21:06:20 [32minfo[39m: Incoming request: POST /api/users/login
2024-05-18 21:06:20 [32minfo[39m: Login attempt for alibenji800@gmail.com
2024-05-18 21:06:20 [32minfo[39m: User logged in successfully: alibenji800@gmail.com
2024-05-18 21:06:20 [32minfo[39m: Incoming request: GET /api/questions/recent
2024-05-18 21:06:20 [32minfo[39m: Retrieving recent questions
2024-05-18 21:06:20 [32minfo[39m: Recent questions retrieved successfully:
2024-05-18 21:06:33 [32minfo[39m: Incoming request: POST /api/users/logout
2024-05-18 21:06:33 [33mwarn[39m: 404 Not Found: /api/users/logout
2024-05-18 21:06:39 [32minfo[39m: Incoming request: POST /api/users/login
2024-05-18 21:06:39 [32minfo[39m: Login attempt for alibenji800@gmail.com
2024-05-18 21:06:39 [32minfo[39m: User logged in successfully: alibenji800@gmail.com
2024-05-18 21:06:39 [32minfo[39m: Incoming request: GET /api/questions/recent
2024-05-18 21:06:39 [32minfo[39m: Retrieving recent questions
2024-05-18 21:06:39 [32minfo[39m: Recent questions retrieved successfully:
2024-05-18 21:10:07 [32minfo[39m: Incoming request: GET /api/questions/recent
2024-05-18 21:10:07 [32minfo[39m: Retrieving recent questions
2024-05-18 21:10:08 [32minfo[39m: Recent questions retrieved successfully:
2024-05-18 21:18:43 [32minfo[39m: Incoming request: GET /api/questions/recent
2024-05-18 21:18:43 [32minfo[39m: Retrieving recent questions
2024-05-18 21:18:43 [32minfo[39m: Recent questions retrieved successfully:
2024-05-18 21:19:29 [32minfo[39m: Incoming request: GET /api/questions/recent
2024-05-18 21:19:29 [32minfo[39m: Retrieving recent questions
2024-05-18 21:19:29 [32minfo[39m: Recent questions retrieved successfully:
2024-05-18 21:19:41 [32minfo[39m: Incoming request: GET /api/questions/recent
2024-05-18 21:19:41 [32minfo[39m: Retrieving recent questions
2024-05-18 21:19:41 [32minfo[39m: Recent questions retrieved successfully:
2024-05-18 21:19:45 [32minfo[39m: Incoming request: POST /api/users/logout
2024-05-18 21:19:45 [33mwarn[39m: 404 Not Found: /api/users/logout
2024-05-18 21:19:50 [32minfo[39m: Incoming request: POST /api/users/login
2024-05-18 21:19:50 [32minfo[39m: Login attempt for alibenji800@gmail.com
2024-05-18 21:19:50 [32minfo[39m: User logged in successfully: alibenji800@gmail.com
2024-05-18 21:19:50 [32minfo[39m: Incoming request: GET /api/questions/recent
2024-05-18 21:19:50 [32minfo[39m: Retrieving recent questions
2024-05-18 21:19:50 [32minfo[39m: Recent questions retrieved successfully:
2024-05-18 21:19:59 [32minfo[39m: Incoming request: GET /api/questions/recent
2024-05-18 21:19:59 [32minfo[39m: Retrieving recent questions
2024-05-18 21:19:59 [32minfo[39m: Recent questions retrieved successfully:
2024-05-18 21:50:57 [32minfo[39m: Incoming request: GET /api/questions/recent
2024-05-18 21:50:57 [32minfo[39m: Retrieving recent questions
2024-05-18 21:50:57 [32minfo[39m: Recent questions retrieved successfully:
2024-05-18 21:52:02 [32minfo[39m: Incoming request: GET /api/questions/recent
2024-05-18 21:52:02 [32minfo[39m: Retrieving recent questions
2024-05-18 21:52:02 [32minfo[39m: Recent questions retrieved successfully:
2024-05-18 21:52:10 [32minfo[39m: Incoming request: GET /api/questions/recent
2024-05-18 21:52:10 [32minfo[39m: Retrieving recent questions
2024-05-18 21:52:10 [32minfo[39m: Recent questions retrieved successfully:
2024-05-18 21:55:03 [32minfo[39m: Incoming request: GET /api/questions/recent
2024-05-18 21:55:03 [32minfo[39m: Retrieving recent questions
2024-05-18 21:55:03 [32minfo[39m: Recent questions retrieved successfully:
2024-05-18 21:55:10 [32minfo[39m: Incoming request: GET /api/questions/recent
2024-05-18 21:55:10 [32minfo[39m: Retrieving recent questions
2024-05-18 21:55:10 [32minfo[39m: Recent questions retrieved successfully:
2024-05-18 21:56:16 [32minfo[39m: Incoming request: GET /api/questions/recent
2024-05-18 21:56:16 [32minfo[39m: Retrieving recent questions
2024-05-18 21:56:16 [32minfo[39m: Recent questions retrieved successfully:
2024-05-18 21:56:43 [32minfo[39m: Incoming request: GET /api/questions/recent
2024-05-18 21:56:43 [32minfo[39m: Retrieving recent questions
2024-05-18 21:56:43 [32minfo[39m: Recent questions retrieved successfully:
2024-05-18 22:08:47 [32minfo[39m: Connecting to MongoDB...
2024-05-18 22:08:47 [32minfo[39m: Server running on port 5001
2024-05-18 22:08:47 [32minfo[39m: MongoDB connected successfully
2024-05-18 22:09:58 [32minfo[39m: Incoming request: GET /api/questions/recent
2024-05-18 22:09:58 [32minfo[39m: Retrieving recent questions
2024-05-18 22:09:58 [32minfo[39m: Recent questions retrieved successfully:
2024-05-18 22:10:02 [32minfo[39m: Incoming request: GET /api/questions/recent
2024-05-18 22:10:02 [32minfo[39m: Retrieving recent questions
2024-05-18 22:10:02 [32minfo[39m: Recent questions retrieved successfully:
2024-05-18 22:10:14 [32minfo[39m: Connecting to MongoDB...
2024-05-18 22:10:14 [32minfo[39m: Server running on port 5001
2024-05-18 22:10:14 [32minfo[39m: MongoDB connected successfully
2024-05-18 22:10:22 [32minfo[39m: Incoming request: GET /api/questions/recent
2024-05-18 22:10:22 [32minfo[39m: Retrieving recent questions
2024-05-18 22:10:22 [32minfo[39m: Recent questions retrieved successfully:
2024-05-18 22:14:23 [32minfo[39m: Incoming request: GET /api/questions/recent
2024-05-18 22:14:23 [32minfo[39m: Retrieving recent questions
2024-05-18 22:14:23 [32minfo[39m: Recent questions retrieved successfully:
2024-05-18 22:14:56 [32minfo[39m: Incoming request: GET /api/questions/recent
2024-05-18 22:14:56 [32minfo[39m: Retrieving recent questions
2024-05-18 22:14:56 [32minfo[39m: Recent questions retrieved successfully:
2024-05-18 22:17:35 [32minfo[39m: Incoming request: GET /api/questions/recent
2024-05-18 22:17:35 [32minfo[39m: Retrieving recent questions
2024-05-18 22:17:35 [32minfo[39m: Recent questions retrieved successfully:
2024-05-18 22:17:51 [32minfo[39m: Incoming request: GET /api/questions/recent
2024-05-18 22:17:51 [32minfo[39m: Retrieving recent questions
2024-05-18 22:17:51 [32minfo[39m: Recent questions retrieved successfully:
2024-05-18 22:18:01 [32minfo[39m: Connecting to MongoDB...
2024-05-18 22:18:01 [32minfo[39m: Server running on port 5001
2024-05-18 22:18:01 [32minfo[39m: MongoDB connected successfully
2024-05-18 22:18:05 [32minfo[39m: Connecting to MongoDB...
2024-05-18 22:18:05 [32minfo[39m: Server running on port 5001
2024-05-18 22:18:05 [32minfo[39m: MongoDB connected successfully
2024-05-18 22:18:05 [32minfo[39m: Connecting to MongoDB...
2024-05-18 22:18:05 [32minfo[39m: Server running on port 5001
2024-05-18 22:18:05 [32minfo[39m: MongoDB connected successfully
2024-05-18 22:18:36 [32minfo[39m: Incoming request: GET /api/questions/recent
2024-05-18 22:18:36 [32minfo[39m: Retrieving recent questions
2024-05-18 22:18:36 [32minfo[39m: Recent questions retrieved successfully:
2024-05-18 22:44:56 [32minfo[39m: Connecting to MongoDB...
2024-05-18 22:44:56 [32minfo[39m: Server running on port 5001
2024-05-18 22:44:56 [32minfo[39m: MongoDB connected successfully
2024-05-18 22:45:11 [32minfo[39m: Connecting to MongoDB...
2024-05-18 22:45:11 [32minfo[39m: Server running on port 5001
2024-05-18 22:45:11 [32minfo[39m: MongoDB connected successfully
2024-05-18 22:45:12 [32minfo[39m: Connecting to MongoDB...
2024-05-18 22:45:12 [32minfo[39m: Server running on port 5001
2024-05-18 22:45:12 [32minfo[39m: MongoDB connected successfully
2024-05-18 22:52:11 [32minfo[39m: Connecting to MongoDB...
2024-05-18 22:52:11 [32minfo[39m: Server running on port 5001
2024-05-18 22:52:11 [32minfo[39m: MongoDB connected successfully
2024-05-18 22:52:13 [32minfo[39m: Connecting to MongoDB...
2024-05-18 22:52:13 [32minfo[39m: Server running on port 5001
2024-05-18 22:52:13 [32minfo[39m: MongoDB connected successfully
2024-05-18 22:52:21 [32minfo[39m: Connecting to MongoDB...
2024-05-18 22:52:21 [32minfo[39m: Server running on port 5001
2024-05-18 22:52:21 [32minfo[39m: MongoDB connected successfully
2024-05-18 22:52:23 [32minfo[39m: Connecting to MongoDB...
2024-05-18 22:52:23 [32minfo[39m: Server running on port 5001
2024-05-18 22:52:23 [32minfo[39m: MongoDB connected successfully
2024-05-18 22:56:02 [32minfo[39m: Connecting to MongoDB...
2024-05-18 22:56:02 [32minfo[39m: Server running on port 5001
2024-05-18 22:56:02 [32minfo[39m: MongoDB connected successfully
2024-05-18 22:57:38 [32minfo[39m: Connecting to MongoDB...
2024-05-18 22:57:38 [32minfo[39m: Server running on port 5001
2024-05-18 22:57:38 [32minfo[39m: MongoDB connected successfully
2024-05-18 22:58:51 [32minfo[39m: Connecting to MongoDB...
2024-05-18 22:58:51 [32minfo[39m: Server running on port 5001
2024-05-18 22:58:51 [32minfo[39m: MongoDB connected successfully
2024-05-18 22:58:56 [32minfo[39m: Connecting to MongoDB...
2024-05-18 22:58:56 [32minfo[39m: Server running on port 5001
2024-05-18 22:58:56 [32minfo[39m: MongoDB connected successfully
2024-05-18 22:59:06 [32minfo[39m: Incoming request: GET /api/questions/recent
2024-05-18 22:59:06 [32minfo[39m: Retrieving recent questions
2024-05-18 22:59:07 [32minfo[39m: Recent questions retrieved successfully:
2024-05-18 23:03:00 [32minfo[39m: Incoming request: GET /api/questions/recent
2024-05-18 23:03:00 [32minfo[39m: Retrieving recent questions
2024-05-18 23:03:01 [32minfo[39m: Recent questions retrieved successfully:
2024-05-18 23:08:25 [32minfo[39m: Incoming request: GET /api/questions/recent
2024-05-18 23:08:25 [32minfo[39m: Retrieving recent questions
2024-05-18 23:08:26 [32minfo[39m: Recent questions retrieved successfully:
2024-05-18 23:08:33 [32minfo[39m: Incoming request: GET /api/questions/recent
2024-05-18 23:08:33 [32minfo[39m: Retrieving recent questions
2024-05-18 23:08:33 [32minfo[39m: Recent questions retrieved successfully:
2024-05-18 23:08:59 [32minfo[39m: Incoming request: GET /api/questions/recent
2024-05-18 23:08:59 [32minfo[39m: Retrieving recent questions
2024-05-18 23:08:59 [32minfo[39m: Recent questions retrieved successfully:
2024-05-18 23:09:17 [32minfo[39m: Incoming request: GET /api/questions/recent
2024-05-18 23:09:17 [32minfo[39m: Retrieving recent questions
2024-05-18 23:09:17 [32minfo[39m: Recent questions retrieved successfully:
2024-05-18 23:09:35 [32minfo[39m: Incoming request: GET /api/questions/recent
2024-05-18 23:09:35 [32minfo[39m: Retrieving recent questions
2024-05-18 23:09:36 [32minfo[39m: Recent questions retrieved successfully:
2024-05-18 23:10:06 [32minfo[39m: Incoming request: GET /api/questions/recent
2024-05-18 23:10:06 [32minfo[39m: Retrieving recent questions
2024-05-18 23:10:06 [32minfo[39m: Recent questions retrieved successfully:
2024-05-18 23:10:16 [32minfo[39m: Incoming request: GET /api/questions/recent
2024-05-18 23:10:16 [32minfo[39m: Retrieving recent questions
2024-05-18 23:10:16 [32minfo[39m: Recent questions retrieved successfully:
2024-05-18 23:10:29 [32minfo[39m: Incoming request: GET /api/questions/recent
2024-05-18 23:10:29 [32minfo[39m: Retrieving recent questions
2024-05-18 23:10:29 [32minfo[39m: Recent questions retrieved successfully:
2024-05-18 23:21:05 [32minfo[39m: Connecting to MongoDB...
2024-05-18 23:21:05 [32minfo[39m: Server running on port 5001
2024-05-18 23:21:05 [32minfo[39m: MongoDB connected successfully
2024-05-18 23:22:13 [32minfo[39m: Connecting to MongoDB...
2024-05-18 23:22:13 [32minfo[39m: Server running on port 5001
2024-05-18 23:22:13 [32minfo[39m: MongoDB connected successfully
2024-05-18 23:22:25 [32minfo[39m: Incoming request: GET /api/questions/recent
2024-05-18 23:22:25 [32minfo[39m: Retrieving recent questions
2024-05-18 23:22:25 [32minfo[39m: Recent questions retrieved successfully:
2024-05-18 23:22:28 [32minfo[39m: Incoming request: GET /api/questions/recent
2024-05-18 23:22:28 [32minfo[39m: Retrieving recent questions
2024-05-18 23:22:28 [32minfo[39m: Recent questions retrieved successfully:
2024-05-18 23:22:38 [32minfo[39m: Incoming request: POST /api/users/logout
2024-05-18 23:22:38 [33mwarn[39m: 404 Not Found: /api/users/logout
2024-05-18 23:22:43 [32minfo[39m: Incoming request: POST /api/users/login
2024-05-18 23:22:43 [32minfo[39m: Login attempt for alibenji800@gmail.com
2024-05-18 23:22:43 [32minfo[39m: User logged in successfully: alibenji800@gmail.com
2024-05-18 23:22:43 [32minfo[39m: Incoming request: GET /api/questions/recent
2024-05-18 23:22:43 [32minfo[39m: Retrieving recent questions
2024-05-18 23:22:43 [32minfo[39m: Recent questions retrieved successfully:
2024-05-18 23:25:07 [32minfo[39m: Connecting to MongoDB...
2024-05-18 23:25:07 [32minfo[39m: Server running on port 5001
2024-05-18 23:25:08 [32minfo[39m: MongoDB connected successfully
2024-05-18 23:25:12 [32minfo[39m: Connecting to MongoDB...
2024-05-18 23:25:12 [32minfo[39m: Server running on port 5001
2024-05-18 23:25:12 [32minfo[39m: MongoDB connected successfully
2024-05-18 23:25:22 [32minfo[39m: Incoming request: GET /api/questions/recent
2024-05-18 23:25:22 [32minfo[39m: Retrieving recent questions
2024-05-18 23:25:22 [32minfo[39m: Recent questions retrieved successfully:
2024-05-18 23:34:46 [32minfo[39m: Connecting to MongoDB...
2024-05-18 23:34:46 [32minfo[39m: Server running on port 5001
2024-05-18 23:34:46 [32minfo[39m: MongoDB connected successfully
2024-05-18 23:34:55 [32minfo[39m: Connecting to MongoDB...
2024-05-18 23:34:55 [32minfo[39m: Server running on port 5001
2024-05-18 23:34:55 [32minfo[39m: MongoDB connected successfully
2024-05-18 23:34:59 [32minfo[39m: Incoming request: GET /api/questions/recent
2024-05-18 23:34:59 [32minfo[39m: Retrieving recent questions
2024-05-18 23:34:59 [32minfo[39m: Recent questions retrieved successfully:
2024-05-18 23:35:49 [32minfo[39m: Incoming request: GET /api/questions/recent
2024-05-18 23:35:49 [32minfo[39m: Retrieving recent questions
2024-05-18 23:35:49 [32minfo[39m: Recent questions retrieved successfully:
2024-05-18 23:36:06 [32minfo[39m: Incoming request: GET /api/questions/recent
2024-05-18 23:36:06 [32minfo[39m: Retrieving recent questions
2024-05-18 23:36:06 [32minfo[39m: Recent questions retrieved successfully:
2024-05-18 23:36:22 [32minfo[39m: Incoming request: GET /api/questions/recent
2024-05-18 23:36:22 [32minfo[39m: Retrieving recent questions
2024-05-18 23:36:22 [32minfo[39m: Recent questions retrieved successfully:
2024-05-18 23:36:28 [32minfo[39m: Incoming request: GET /api/questions/recent
2024-05-18 23:36:28 [32minfo[39m: Retrieving recent questions
2024-05-18 23:36:28 [32minfo[39m: Recent questions retrieved successfully:
2024-05-18 23:36:56 [32minfo[39m: Incoming request: GET /api/questions/recent
2024-05-18 23:36:56 [32minfo[39m: Retrieving recent questions
2024-05-18 23:36:56 [32minfo[39m: Recent questions retrieved successfully:
2024-05-18 23:37:08 [32minfo[39m: Connecting to MongoDB...
2024-05-18 23:37:08 [32minfo[39m: Server running on port 5001
2024-05-18 23:37:08 [32minfo[39m: MongoDB connected successfully
2024-05-18 23:37:12 [32minfo[39m: Connecting to MongoDB...
2024-05-18 23:37:12 [32minfo[39m: Server running on port 5001
2024-05-18 23:37:12 [32minfo[39m: MongoDB connected successfully
2024-05-18 23:37:21 [32minfo[39m: Incoming request: GET /api/questions/recent
2024-05-18 23:37:21 [32minfo[39m: Retrieving recent questions
2024-05-18 23:37:21 [32minfo[39m: Recent questions retrieved successfully:
2024-05-18 23:37:30 [32minfo[39m: Incoming request: GET /api/questions/recent
2024-05-18 23:37:30 [32minfo[39m: Retrieving recent questions
2024-05-18 23:37:30 [32minfo[39m: Recent questions retrieved successfully:
2024-05-18 23:37:59 [32minfo[39m: Connecting to MongoDB...
2024-05-18 23:37:59 [32minfo[39m: Server running on port 5001
2024-05-18 23:37:59 [32minfo[39m: MongoDB connected successfully
2024-05-18 23:39:52 [32minfo[39m: Connecting to MongoDB...
2024-05-18 23:39:52 [32minfo[39m: Server running on port 5001
2024-05-18 23:39:52 [32minfo[39m: MongoDB connected successfully
2024-05-18 23:42:14 [32minfo[39m: Connecting to MongoDB...
2024-05-18 23:42:14 [32minfo[39m: Server running on port 5001
2024-05-18 23:42:14 [32minfo[39m: MongoDB connected successfully
2024-05-18 23:42:19 [32minfo[39m: Connecting to MongoDB...
2024-05-18 23:42:19 [32minfo[39m: Server running on port 5001
2024-05-18 23:42:19 [32minfo[39m: MongoDB connected successfully
2024-05-18 23:42:51 [32minfo[39m: Connecting to MongoDB...
2024-05-18 23:42:51 [32minfo[39m: Server running on port 5001
2024-05-18 23:42:51 [32minfo[39m: MongoDB connected successfully
2024-05-18 23:43:21 [32minfo[39m: Incoming request: GET /api/questions/recent
2024-05-18 23:43:21 [32minfo[39m: Retrieving recent questions
2024-05-18 23:43:21 [32minfo[39m: Recent questions retrieved successfully:
2024-05-18 23:43:28 [32minfo[39m: Incoming request: POST /api/users/logout
2024-05-18 23:43:28 [33mwarn[39m: 404 Not Found: /api/users/logout
2024-05-18 23:43:32 [32minfo[39m: Incoming request: POST /api/users/login
2024-05-18 23:43:32 [32minfo[39m: Login attempt for alibenji800@gmail.com
2024-05-18 23:43:32 [32minfo[39m: User logged in successfully: alibenji800@gmail.com
2024-05-18 23:43:33 [32minfo[39m: Incoming request: GET /api/questions/recent
2024-05-18 23:43:33 [32minfo[39m: Retrieving recent questions
2024-05-18 23:43:33 [32minfo[39m: Recent questions retrieved successfully:
2024-05-18 23:44:42 [32minfo[39m: Connecting to MongoDB...
2024-05-18 23:44:42 [32minfo[39m: Server running on port 5001
2024-05-18 23:44:42 [32minfo[39m: MongoDB connected successfully
2024-05-18 23:45:06 [32minfo[39m: Incoming request: GET /api/questions/recent
2024-05-18 23:45:06 [32minfo[39m: Retrieving recent questions
2024-05-18 23:45:06 [32minfo[39m: Recent questions retrieved successfully:
2024-05-18 23:45:52 [32minfo[39m: Incoming request: GET /api/questions/recent
2024-05-18 23:45:52 [32minfo[39m: Retrieving recent questions
2024-05-18 23:45:52 [32minfo[39m: Recent questions retrieved successfully:
2024-05-18 23:47:55 [32minfo[39m: Connecting to MongoDB...
2024-05-18 23:47:55 [32minfo[39m: Server running on port 5001
2024-05-18 23:47:55 [32minfo[39m: MongoDB connected successfully
2024-05-18 23:59:28 [32minfo[39m: Incoming request: GET /api/questions/recent
2024-05-18 23:59:28 [32minfo[39m: Retrieving recent questions
2024-05-18 23:59:28 [32minfo[39m: Recent questions retrieved successfully:
2024-05-18 23:59:35 [32minfo[39m: Incoming request: GET /api/questions/recent
2024-05-18 23:59:35 [32minfo[39m: Retrieving recent questions
2024-05-18 23:59:35 [32minfo[39m: Recent questions retrieved successfully:
2024-05-18 23:59:40 [32minfo[39m: Incoming request: POST /api/users/logout
2024-05-18 23:59:40 [33mwarn[39m: 404 Not Found: /api/users/logout
2024-05-18 23:59:42 [32minfo[39m: Incoming request: POST /api/users/login
2024-05-18 23:59:42 [32minfo[39m: Login attempt for alibenji800@gmail.com
2024-05-18 23:59:43 [32minfo[39m: User logged in successfully: alibenji800@gmail.com
2024-05-18 23:59:43 [32minfo[39m: Incoming request: GET /api/questions/recent
2024-05-18 23:59:43 [32minfo[39m: Retrieving recent questions
2024-05-18 23:59:43 [32minfo[39m: Recent questions retrieved successfully:
2024-05-19 00:28:41 [32minfo[39m: Incoming request: GET /api/questions/recent
2024-05-19 00:28:41 [32minfo[39m: Retrieving recent questions
2024-05-19 00:28:41 [32minfo[39m: Recent questions retrieved successfully:
2024-05-19 00:28:45 [32minfo[39m: Incoming request: GET /api/questions/recent
2024-05-19 00:28:45 [32minfo[39m: Retrieving recent questions
2024-05-19 00:28:45 [32minfo[39m: Recent questions retrieved successfully:
2024-05-19 00:29:02 [32minfo[39m: Incoming request: GET /api/questions/recent
2024-05-19 00:29:02 [32minfo[39m: Retrieving recent questions
2024-05-19 00:29:02 [32minfo[39m: Recent questions retrieved successfully:
2024-05-19 00:29:05 [32minfo[39m: Incoming request: POST /api/users/logout
2024-05-19 00:29:05 [33mwarn[39m: 404 Not Found: /api/users/logout
2024-05-19 00:29:08 [32minfo[39m: Incoming request: POST /api/users/login
2024-05-19 00:29:08 [32minfo[39m: Login attempt for alibenji800@gmail.com
2024-05-19 00:29:08 [32minfo[39m: User logged in successfully: alibenji800@gmail.com
2024-05-19 00:29:08 [32minfo[39m: Incoming request: GET /api/questions/recent
2024-05-19 00:29:08 [32minfo[39m: Retrieving recent questions
2024-05-19 00:29:08 [32minfo[39m: Recent questions retrieved successfully:
2024-05-19 11:21:05 [32minfo[39m: Connecting to MongoDB...
2024-05-19 11:21:05 [32minfo[39m: Server running on port 5001
2024-05-19 11:21:05 [32minfo[39m: MongoDB connected successfully
2024-05-19 12:35:13 [32minfo[39m: Connecting to MongoDB...
2024-05-19 12:35:13 [32minfo[39m: Server running on port 5001
2024-05-19 12:35:13 [32minfo[39m: MongoDB connected successfully
2024-05-19 12:37:08 [32minfo[39m: Connecting to MongoDB...
2024-05-19 12:37:08 [32minfo[39m: Server running on port 5001
2024-05-19 12:37:08 [32minfo[39m: MongoDB connected successfully
2024-05-19 12:44:06 [32minfo[39m: Connecting to MongoDB...
2024-05-19 12:44:06 [32minfo[39m: Server running on port 5001
2024-05-19 12:44:06 [32minfo[39m: MongoDB connected successfully
2024-05-19 16:03:03 [32minfo[39m: Connecting to MongoDB...
2024-05-19 16:03:03 [32minfo[39m: Server running on port 5001
2024-05-19 16:03:03 [32minfo[39m: MongoDB connected successfully
2024-05-19 16:46:10 [32minfo[39m: Incoming request: GET /api/users
2024-05-19 16:46:10 [33mwarn[39m: 404 Not Found: /api/users
2024-05-19 16:46:10 [32minfo[39m: Incoming request: GET /favicon.ico
2024-05-19 16:46:10 [33mwarn[39m: 404 Not Found: /favicon.ico
2024-05-19 17:37:05 [32minfo[39m: Connecting to MongoDB...
2024-05-19 17:37:05 [32minfo[39m: Server running on port 5001
2024-05-19 17:37:05 [32minfo[39m: MongoDB connected successfully
2024-05-19 17:37:32 [32minfo[39m: Connecting to MongoDB...
2024-05-19 17:37:32 [32minfo[39m: Server running on port 5001
2024-05-19 17:37:32 [32minfo[39m: MongoDB connected successfully
2024-05-19 17:41:21 [32minfo[39m: Incoming request: GET /api/users/login
2024-05-19 17:41:21 [33mwarn[39m: 404 Not Found: /api/users/login
2024-05-19 17:43:33 [32minfo[39m: Connecting to MongoDB...
2024-05-19 17:43:33 [32minfo[39m: Server running on port 5001
2024-05-19 17:43:33 [32minfo[39m: MongoDB connected successfully
2024-05-19 17:46:52 [32minfo[39m: Incoming request: POST /api/users/register
2024-05-19 17:46:52 [32minfo[39m: RegisterUser endpoint called
2024-05-19 17:46:52 [32minfo[39m: Attempting to find user with email
2024-05-19 17:46:52 [31merror[39m: Error registering user: User validation failed: name: Name is required
2024-05-19 17:47:39 [32minfo[39m: Incoming request: GET /api/users/login
2024-05-19 17:47:39 [33mwarn[39m: 404 Not Found: /api/users/login
2024-05-19 17:52:32 [32minfo[39m: Incoming request: POST /api/users/register
2024-05-19 17:52:32 [32minfo[39m: RegisterUser endpoint called
2024-05-19 17:52:32 [32minfo[39m: Attempting to find user with email
2024-05-19 17:52:32 [32minfo[39m: Attempting to save user: test@example.com
2024-05-19 17:52:32 [32minfo[39m: New user created: test@example.com
2024-05-19 17:52:32 [32minfo[39m: User registered successfully: test@example.com
2024-05-19 17:58:01 [32minfo[39m: Incoming request: POST /api/users/register
2024-05-19 17:58:01 [32minfo[39m: RegisterUser endpoint called
2024-05-19 17:58:01 [32minfo[39m: Attempting to find user with email
2024-05-19 17:58:01 [33mwarn[39m: Registration failed: Email already exists
2024-05-19 17:58:09 [32minfo[39m: Incoming request: POST /api/users/login
2024-05-19 17:58:09 [32minfo[39m: LoginUser endpoint called for test@example.com
2024-05-19 17:58:09 [32minfo[39m: User logged in successfully: test@example.com
2024-05-19 18:12:26 [32minfo[39m: Connecting to MongoDB...
2024-05-19 18:12:26 [32minfo[39m: Server running on port 5001
2024-05-19 18:12:26 [32minfo[39m: MongoDB connected successfully
2024-05-19 18:19:54 [32minfo[39m: Connecting to MongoDB...
2024-05-19 18:19:54 [32minfo[39m: Server running on port 5001
2024-05-19 18:19:54 [32minfo[39m: MongoDB connected successfully
2024-05-19 18:25:00 [32minfo[39m: Connecting to MongoDB...
2024-05-19 18:25:00 [32minfo[39m: Server running on port 5001
2024-05-19 18:25:00 [32minfo[39m: MongoDB connected successfully
2024-05-19 18:33:46 [32minfo[39m: Incoming request: GET /api/users/login
2024-05-19 18:33:46 [33mwarn[39m: 404 Not Found: /api/users/login
2024-05-19 18:35:13 [32minfo[39m: Incoming request: GET /api/auth/login
2024-05-19 18:35:13 [33mwarn[39m: 404 Not Found: /api/auth/login
2024-05-19 18:37:08 [32minfo[39m: Connecting to MongoDB...
2024-05-19 18:37:08 [32minfo[39m: Server running on port 5001
2024-05-19 18:37:08 [32minfo[39m: MongoDB connected successfully
2024-05-19 18:41:32 [32minfo[39m: Incoming request: POST /api/users/register
2024-05-19 18:41:32 [32minfo[39m: RegisterUser endpoint called with data:
2024-05-19 18:41:32 [32minfo[39m: Attempting to find user with email
2024-05-19 18:41:32 [33mwarn[39m: Registration failed: Email already exists
2024-05-19 18:41:37 [32minfo[39m: Incoming request: POST /api/users/login
2024-05-19 18:41:37 [32minfo[39m: LoginUser endpoint called for test@example.com
2024-05-19 18:41:37 [32minfo[39m: User logged in successfully: test@example.com
2024-05-19 18:42:23 [32minfo[39m: Connecting to MongoDB...
2024-05-19 18:42:23 [32minfo[39m: Server running on port 5001
2024-05-19 18:42:23 [32minfo[39m: MongoDB connected successfully
2024-05-19 18:50:34 [32minfo[39m: Connecting to MongoDB...
2024-05-19 18:50:34 [32minfo[39m: Server running on port 5001
2024-05-19 18:50:34 [32minfo[39m: MongoDB connected successfully
2024-05-19 18:57:11 [32minfo[39m: Connecting to MongoDB...
2024-05-19 18:57:11 [32minfo[39m: Server running on port 5001
2024-05-19 18:57:11 [32minfo[39m: MongoDB connected successfully
2024-05-19 19:02:00 [32minfo[39m: Connecting to MongoDB...
2024-05-19 19:02:00 [32minfo[39m: Server running on port 5001
2024-05-19 19:02:00 [32minfo[39m: MongoDB connected successfully
2024-05-19 19:07:18 [32minfo[39m: Connecting to MongoDB...
2024-05-19 19:07:18 [32minfo[39m: Server running on port 5001
2024-05-19 19:07:18 [32minfo[39m: MongoDB connected successfully
2024-05-19 19:10:23 [32minfo[39m: Connecting to MongoDB...
2024-05-19 19:10:23 [32minfo[39m: Server running on port 5001
2024-05-19 19:10:23 [32minfo[39m: MongoDB connected successfully
2024-05-19 19:14:27 [32minfo[39m: Connecting to MongoDB...
2024-05-19 19:14:27 [32minfo[39m: Server running on port 5001
2024-05-19 19:14:27 [32minfo[39m: MongoDB connected successfully
2024-05-19 19:23:06 [32minfo[39m: Connecting to MongoDB...
2024-05-19 19:23:06 [32minfo[39m: Server running on port 5001
2024-05-19 19:23:06 [32minfo[39m: MongoDB connected successfully
2024-05-19 20:02:30 [32minfo[39m: Connecting to MongoDB...
2024-05-19 20:02:30 [32minfo[39m: Server running on port 5001
2024-05-19 20:02:30 [32minfo[39m: MongoDB connected successfully
2024-05-19 20:06:56 [32minfo[39m: Connecting to MongoDB...
2024-05-19 20:06:56 [32minfo[39m: Server running on port 5001
2024-05-19 20:06:56 [32minfo[39m: MongoDB connected successfully
2024-05-19 20:09:20 [32minfo[39m: Connecting to MongoDB...
2024-05-19 20:09:20 [32minfo[39m: Server running on port 5001
2024-05-19 20:09:20 [32minfo[39m: MongoDB connected successfully
2024-05-19 20:13:44 [32minfo[39m: Connecting to MongoDB...
2024-05-19 20:13:44 [32minfo[39m: Server running on port 5001
2024-05-19 20:13:44 [32minfo[39m: MongoDB connected successfully
2024-05-19 20:22:03 [32minfo[39m: Connecting to MongoDB...
2024-05-19 20:22:03 [32minfo[39m: Server running on port 5001
2024-05-19 20:22:03 [32minfo[39m: MongoDB connected successfully
2024-05-19 22:47:24 [32minfo[39m: Connecting to MongoDB...
2024-05-19 22:47:24 [32minfo[39m: Server running on port 5001
2024-05-19 22:47:24 [32minfo[39m: MongoDB connected successfully
2024-05-19 22:49:13 [32minfo[39m: Incoming request: POST /api/users/register
2024-05-19 22:49:13 [32minfo[39m: RegisterUser endpoint called with data:
2024-05-19 22:49:13 [33mwarn[39m: Registration failed: Email already exists
2024-05-19 22:50:26 [32minfo[39m: Incoming request: POST /api/users/login
2024-05-19 22:50:26 [32minfo[39m: LoginUser endpoint called for:
2024-05-19 22:50:26 [32minfo[39m: User logged in successfully:
2024-05-20 11:05:33 [32minfo[39m: Connecting to MongoDB...
2024-05-20 11:05:33 [32minfo[39m: Server running on port 5001
2024-05-20 11:06:03 [31merror[39m: MongoDB connection error: MongooseServerSelectionError
2024-05-20 11:09:59 [32minfo[39m: Connecting to MongoDB...
2024-05-20 11:09:59 [32minfo[39m: Server running on port 5001
2024-05-20 11:12:17 [32minfo[39m: Connecting to MongoDB...
2024-05-20 11:12:17 [32minfo[39m: Server running on port 5001
2024-05-20 11:12:47 [31merror[39m: MongoDB connection error: MongooseServerSelectionError
2024-05-20 11:20:21 [32minfo[39m: Connecting to MongoDB...
2024-05-20 11:20:21 [32minfo[39m: Server running on port 5001
2024-05-20 11:20:51 [31merror[39m: MongoDB connection error: MongooseServerSelectionError
2024-05-20 11:25:10 [32minfo[39m: Connecting to MongoDB...
2024-05-20 11:25:10 [32minfo[39m: Server running on port 5001
2024-05-20 11:25:40 [31merror[39m: MongoDB connection error: MongooseServerSelectionError
2024-05-20 13:39:53 [32minfo[39m: Retrieving question with ID: search
2024-05-20 13:39:53 [31merror[39m: Error retrieving question: Cast to ObjectId failed for value "search" (type string) at path "_id" for model "Question"
2024-05-20 13:41:44 [32minfo[39m: Retrieving question with ID: search
2024-05-20 13:41:44 [31merror[39m: Error retrieving question: Cast to ObjectId failed for value "search" (type string) at path "_id" for model "Question"
2024-05-20 13:46:39 [32minfo[39m: Retrieving question with ID: search
2024-05-20 13:46:39 [31merror[39m: Error retrieving question: Cast to ObjectId failed for value "search" (type string) at path "_id" for model "Question"
2024-05-20 13:48:28 [32minfo[39m: Retrieving question with ID: search
2024-05-20 13:48:28 [31merror[39m: Error retrieving question: Cast to ObjectId failed for value "search" (type string) at path "_id" for model "Question"
2024-05-20 14:01:54 [32minfo[39m: Server started on port 5001
2024-05-20 14:01:54 [32minfo[39m: Connected to database mongodb://localhost:27017/yourdatabase
2024-05-20 14:02:12 [32minfo[39m: RegisterUser endpoint called with data:
2024-05-20 14:02:12 [33mwarn[39m: Registration failed: Email already exists
2024-05-20 14:02:18 [32minfo[39m: LoginUser endpoint called for:
2024-05-20 14:02:18 [33mwarn[39m: Login failed: User not found
2024-05-20 14:07:39 [32minfo[39m: Retrieving question with ID: search
2024-05-20 14:07:39 [31merror[39m: Error retrieving question: Cast to ObjectId failed for value "search" (type string) at path "_id" for model "Question"
2024-05-20 14:10:40 [32minfo[39m: RegisterUser endpoint called with data:
2024-05-20 14:10:40 [31merror[39m: Error registering user:
2024-05-20 14:13:41 [32minfo[39m: RegisterUser endpoint called with data:
2024-05-20 14:13:41 [31merror[39m: Error registering user:
2024-05-20 14:14:41 [32minfo[39m: Server started on port 5001
2024-05-20 14:14:41 [32minfo[39m: Connected to database mongodb://localhost:27017/yourdatabase
2024-05-20 14:14:48 [32minfo[39m: RegisterUser endpoint called with data:
2024-05-20 14:14:48 [31merror[39m: Error registering user:
2024-05-20 14:16:00 [32minfo[39m: Server started on port 5001
2024-05-20 14:16:00 [32minfo[39m: Connected to database mongodb://localhost:27017/yourdatabase
2024-05-20 14:16:05 [32minfo[39m: RegisterUser endpoint called with data:
2024-05-20 14:16:05 [31merror[39m: Error registering user:
2024-05-20 14:18:32 [32minfo[39m: Server started on port 5001
2024-05-20 14:18:32 [32minfo[39m: Connected to database mongodb://localhost:27017/yourdatabase
2024-05-20 14:19:17 [32minfo[39m: Server started on port 5001
2024-05-20 14:19:17 [32minfo[39m: Connected to database mongodb://localhost:27017/yourdatabase
2024-05-20 14:19:24 [32minfo[39m: RegisterUser endpoint called with data:
2024-05-20 14:19:24 [32minfo[39m: User registered successfully:
2024-05-20 14:20:48 [32minfo[39m: Server started on port 5001
2024-05-20 14:20:48 [32minfo[39m: Connected to database mongodb://localhost:27017/yourdatabase
2024-05-20 14:20:52 [32minfo[39m: LoginUser endpoint called for:
2024-05-20 14:20:52 [33mwarn[39m: Login failed: User not found
2024-05-20 14:21:56 [32minfo[39m: Server started on port 5001
2024-05-20 14:21:56 [32minfo[39m: Connected to database mongodb://localhost:27017/yourdatabase
2024-05-20 14:22:07 [32minfo[39m: RegisterUser endpoint called with data:
2024-05-20 14:22:07 [33mwarn[39m: Registration failed: Email already exists
2024-05-20 14:22:12 [32minfo[39m: LoginUser endpoint called for:
2024-05-20 14:22:12 [33mwarn[39m: Login failed: User not found
2024-05-20 14:23:15 [32minfo[39m: Server started on port 5001
2024-05-20 14:23:15 [32minfo[39m: Connected to database mongodb://localhost:27017/yourdatabase
2024-05-20 14:23:49 [32minfo[39m: RegisterUser endpoint called with data:
2024-05-20 14:23:49 [33mwarn[39m: Registration failed: Email already exists
2024-05-20 14:23:55 [32minfo[39m: LoginUser endpoint called for:
2024-05-20 14:23:55 [33mwarn[39m: Login failed: User not found
2024-05-20 14:24:02 [32minfo[39m: LoginUser endpoint called for:
2024-05-20 14:24:02 [33mwarn[39m: Login failed: User not found
