2024-05-17 17:03:57 [31merror[39m: Error: Route.get() requires a callback function but got a [object Undefined]
    at Route.<computed> [as get] (/Users/ali/Desktop/angular/node_modules/express/lib/router/route.js:216:15)
    at proto.<computed> [as get] (/Users/ali/Desktop/angular/node_modules/express/lib/router/index.js:521:19)
    at Object.<anonymous> (/Users/ali/Desktop/angular/server/routes/answers.js:12:8)
    at Module._compile (node:internal/modules/cjs/loader:1368:14)
    at Module._extensions..js (node:internal/modules/cjs/loader:1426:10)
    at Module.load (node:internal/modules/cjs/loader:1205:32)
    at Module._load (node:internal/modules/cjs/loader:1021:12)
    at Module.require (node:internal/modules/cjs/loader:1230:19)
    at require (node:internal/modules/helpers:179:18)
    at Object.<anonymous> (/Users/ali/Desktop/angular/server/server.js:7:23)
2024-05-17 17:04:15 [31merror[39m: Error: Route.get() requires a callback function but got a [object Undefined]
    at Route.<computed> [as get] (/Users/ali/Desktop/angular/node_modules/express/lib/router/route.js:216:15)
    at proto.<computed> [as get] (/Users/ali/Desktop/angular/node_modules/express/lib/router/index.js:521:19)
    at Object.<anonymous> (/Users/ali/Desktop/angular/server/routes/answers.js:12:8)
    at Module._compile (node:internal/modules/cjs/loader:1368:14)
    at Module._extensions..js (node:internal/modules/cjs/loader:1426:10)
    at Module.load (node:internal/modules/cjs/loader:1205:32)
    at Module._load (node:internal/modules/cjs/loader:1021:12)
    at Module.require (node:internal/modules/cjs/loader:1230:19)
    at require (node:internal/modules/helpers:179:18)
    at Object.<anonymous> (/Users/ali/Desktop/angular/server/server.js:8:23)
2024-05-17 17:04:26 [31merror[39m: Error: Route.get() requires a callback function but got a [object Undefined]
    at Route.<computed> [as get] (/Users/ali/Desktop/angular/node_modules/express/lib/router/route.js:216:15)
    at proto.<computed> [as get] (/Users/ali/Desktop/angular/node_modules/express/lib/router/index.js:521:19)
    at Object.<anonymous> (/Users/ali/Desktop/angular/server/routes/answers.js:12:8)
    at Module._compile (node:internal/modules/cjs/loader:1368:14)
    at Module._extensions..js (node:internal/modules/cjs/loader:1426:10)
    at Module.load (node:internal/modules/cjs/loader:1205:32)
    at Module._load (node:internal/modules/cjs/loader:1021:12)
    at Module.require (node:internal/modules/cjs/loader:1230:19)
    at require (node:internal/modules/helpers:179:18)
    at Object.<anonymous> (/Users/ali/Desktop/angular/server/server.js:8:23)
2024-05-17 17:04:34 [31merror[39m: Error: Route.get() requires a callback function but got a [object Undefined]
    at Route.<computed> [as get] (/Users/ali/Desktop/angular/node_modules/express/lib/router/route.js:216:15)
    at proto.<computed> [as get] (/Users/ali/Desktop/angular/node_modules/express/lib/router/index.js:521:19)
    at Object.<anonymous> (/Users/ali/Desktop/angular/server/routes/answers.js:12:8)
    at Module._compile (node:internal/modules/cjs/loader:1368:14)
    at Module._extensions..js (node:internal/modules/cjs/loader:1426:10)
    at Module.load (node:internal/modules/cjs/loader:1205:32)
    at Module._load (node:internal/modules/cjs/loader:1021:12)
    at Module.require (node:internal/modules/cjs/loader:1230:19)
    at require (node:internal/modules/helpers:179:18)
    at Object.<anonymous> (/Users/ali/Desktop/angular/server/server.js:7:23)
2024-05-17 17:13:24 [31merror[39m: Error: Route.get() requires a callback function but got a [object Undefined]
    at Route.<computed> [as get] (/Users/ali/Desktop/angular/node_modules/express/lib/router/route.js:216:15)
    at proto.<computed> [as get] (/Users/ali/Desktop/angular/node_modules/express/lib/router/index.js:521:19)
    at Object.<anonymous> (/Users/ali/Desktop/angular/server/routes/answers.js:12:8)
    at Module._compile (node:internal/modules/cjs/loader:1368:14)
    at Module._extensions..js (node:internal/modules/cjs/loader:1426:10)
    at Module.load (node:internal/modules/cjs/loader:1205:32)
    at Module._load (node:internal/modules/cjs/loader:1021:12)
    at Module.require (node:internal/modules/cjs/loader:1230:19)
    at require (node:internal/modules/helpers:179:18)
    at Object.<anonymous> (/Users/ali/Desktop/angular/server/server.js:13:23)
2024-05-17 18:37:03 [31merror[39m: Error: Route.get() requires a callback function but got a [object Undefined]
    at Route.<computed> [as get] (/Users/ali/Desktop/angular/node_modules/express/lib/router/route.js:216:15)
    at proto.<computed> [as get] (/Users/ali/Desktop/angular/node_modules/express/lib/router/index.js:521:19)
    at Object.<anonymous> (/Users/ali/Desktop/angular/server/routes/answers.js:12:8)
    at Module._compile (node:internal/modules/cjs/loader:1368:14)
    at Module._extensions..js (node:internal/modules/cjs/loader:1426:10)
    at Module.load (node:internal/modules/cjs/loader:1205:32)
    at Module._load (node:internal/modules/cjs/loader:1021:12)
    at Module.require (node:internal/modules/cjs/loader:1230:19)
    at require (node:internal/modules/helpers:179:18)
    at Object.<anonymous> (/Users/ali/Desktop/angular/server/server.js:14:23)
2024-05-17 19:13:25 [31merror[39m: Error: Route.get() requires a callback function but got a [object Undefined]
    at Route.<computed> [as get] (/Users/ali/Desktop/angular/node_modules/express/lib/router/route.js:216:15)
    at proto.<computed> [as get] (/Users/ali/Desktop/angular/node_modules/express/lib/router/index.js:521:19)
    at Object.<anonymous> (/Users/ali/Desktop/angular/server/routes/answers.js:12:8)
    at Module._compile (node:internal/modules/cjs/loader:1368:14)
    at Module._extensions..js (node:internal/modules/cjs/loader:1426:10)
    at Module.load (node:internal/modules/cjs/loader:1205:32)
    at Module._load (node:internal/modules/cjs/loader:1021:12)
    at Module.require (node:internal/modules/cjs/loader:1230:19)
    at require (node:internal/modules/helpers:179:18)
    at Object.<anonymous> (/Users/ali/Desktop/angular/server/server.js:18:23)
2024-05-17 20:23:25 [31merror[39m: MissingSchemaError: Schema hasn't been registered for model "User".
Use mongoose.model(name, schema)
    at Mongoose.model (/Users/ali/Desktop/angular/node_modules/mongoose/lib/mongoose.js:542:13)
    at Object.<anonymous> (/Users/ali/Desktop/angular/server/config/passport.js:6:23)
    at Module._compile (node:internal/modules/cjs/loader:1368:14)
    at Module._extensions..js (node:internal/modules/cjs/loader:1426:10)
    at Module.load (node:internal/modules/cjs/loader:1205:32)
    at Module._load (node:internal/modules/cjs/loader:1021:12)
    at Module.require (node:internal/modules/cjs/loader:1230:19)
    at require (node:internal/modules/helpers:179:18)
    at Object.<anonymous> (/Users/ali/Desktop/angular/server/server.js:28:1)
    at Module._compile (node:internal/modules/cjs/loader:1368:14)
2024-05-17 20:23:59 [31merror[39m: MissingSchemaError: Schema hasn't been registered for model "User".
Use mongoose.model(name, schema)
    at Mongoose.model (/Users/ali/Desktop/angular/node_modules/mongoose/lib/mongoose.js:542:13)
    at Object.<anonymous> (/Users/ali/Desktop/angular/server/config/passport.js:6:23)
    at Module._compile (node:internal/modules/cjs/loader:1368:14)
    at Module._extensions..js (node:internal/modules/cjs/loader:1426:10)
    at Module.load (node:internal/modules/cjs/loader:1205:32)
    at Module._load (node:internal/modules/cjs/loader:1021:12)
    at Module.require (node:internal/modules/cjs/loader:1230:19)
    at require (node:internal/modules/helpers:179:18)
    at Object.<anonymous> (/Users/ali/Desktop/angular/server/server.js:28:1)
    at Module._compile (node:internal/modules/cjs/loader:1368:14)
2024-05-17 20:25:31 [31merror[39m: MissingSchemaError: Schema hasn't been registered for model "User".
Use mongoose.model(name, schema)
    at Mongoose.model (/Users/ali/Desktop/angular/node_modules/mongoose/lib/mongoose.js:542:13)
    at Object.<anonymous> (/Users/ali/Desktop/angular/server/config/passport.js:8:23)
    at Module._compile (node:internal/modules/cjs/loader:1368:14)
    at Module._extensions..js (node:internal/modules/cjs/loader:1426:10)
    at Module.load (node:internal/modules/cjs/loader:1205:32)
    at Module._load (node:internal/modules/cjs/loader:1021:12)
    at Module.require (node:internal/modules/cjs/loader:1230:19)
    at require (node:internal/modules/helpers:179:18)
    at Object.<anonymous> (/Users/ali/Desktop/angular/server/server.js:28:1)
    at Module._compile (node:internal/modules/cjs/loader:1368:14)
2024-05-17 20:27:46 [31merror[39m: Error: Route.get() requires a callback function but got a [object Undefined]
    at Route.<computed> [as get] (/Users/ali/Desktop/angular/node_modules/express/lib/router/route.js:216:15)
    at proto.<computed> [as get] (/Users/ali/Desktop/angular/node_modules/express/lib/router/index.js:521:19)
    at Object.<anonymous> (/Users/ali/Desktop/angular/server/routes/answers.js:12:8)
    at Module._compile (node:internal/modules/cjs/loader:1368:14)
    at Module._extensions..js (node:internal/modules/cjs/loader:1426:10)
    at Module.load (node:internal/modules/cjs/loader:1205:32)
    at Module._load (node:internal/modules/cjs/loader:1021:12)
    at Module.require (node:internal/modules/cjs/loader:1230:19)
    at require (node:internal/modules/helpers:179:18)
    at Object.<anonymous> (/Users/ali/Desktop/angular/server/server.js:18:23)
2024-05-17 20:28:10 [31merror[39m: Error: Route.get() requires a callback function but got a [object Undefined]
    at Route.<computed> [as get] (/Users/ali/Desktop/angular/node_modules/express/lib/router/route.js:216:15)
    at proto.<computed> [as get] (/Users/ali/Desktop/angular/node_modules/express/lib/router/index.js:521:19)
    at Object.<anonymous> (/Users/ali/Desktop/angular/server/routes/answers.js:12:8)
    at Module._compile (node:internal/modules/cjs/loader:1368:14)
    at Module._extensions..js (node:internal/modules/cjs/loader:1426:10)
    at Module.load (node:internal/modules/cjs/loader:1205:32)
    at Module._load (node:internal/modules/cjs/loader:1021:12)
    at Module.require (node:internal/modules/cjs/loader:1230:19)
    at require (node:internal/modules/helpers:179:18)
    at Object.<anonymous> (/Users/ali/Desktop/angular/server/server.js:18:23)
2024-05-19 17:35:17 [31merror[39m: Error: Cannot find module 'express-validator'
Require stack:
- /Users/ali/Desktop/angular_03/server/controllers/userController.js
- /Users/ali/Desktop/angular_03/server/routes/users.js
- /Users/ali/Desktop/angular_03/server/server.js
    at Module._resolveFilename (node:internal/modules/cjs/loader:1140:15)
    at Module._load (node:internal/modules/cjs/loader:981:27)
    at Module.require (node:internal/modules/cjs/loader:1231:19)
    at require (node:internal/modules/helpers:177:18)
    at Object.<anonymous> (/Users/ali/Desktop/angular_03/server/controllers/userController.js:5:37)
    at Module._compile (node:internal/modules/cjs/loader:1364:14)
    at Module._extensions..js (node:internal/modules/cjs/loader:1422:10)
    at Module.load (node:internal/modules/cjs/loader:1203:32)
    at Module._load (node:internal/modules/cjs/loader:1019:12)
    at Module.require (node:internal/modules/cjs/loader:1231:19)
    at require (node:internal/modules/helpers:177:18)
    at Object.<anonymous> (/Users/ali/Desktop/angular_03/server/routes/users.js:3:24)
    at Module._compile (node:internal/modules/cjs/loader:1364:14)
    at Module._extensions..js (node:internal/modules/cjs/loader:1422:10)
    at Module.load (node:internal/modules/cjs/loader:1203:32)
    at Module._load (node:internal/modules/cjs/loader:1019:12)
2024-05-20 11:34:47 [31merror[39m: MongooseServerSelectionError
    at Connection.openUri (C:\Users\Pc User\Desktop\angular_04\server\node_modules\mongoose\lib\connection.js:847:32)
    at C:\Users\Pc User\Desktop\angular_04\server\node_modules\mongoose\lib\index.js:351:10
    at C:\Users\Pc User\Desktop\angular_04\server\node_modules\mongoose\lib\helpers\promiseOrCallback.js:32:5
    at new Promise (<anonymous>)
    at promiseOrCallback (C:\Users\Pc User\Desktop\angular_04\server\node_modules\mongoose\lib\helpers\promiseOrCallback.js:31:10)
    at Mongoose._promiseOrCallback (C:\Users\Pc User\Desktop\angular_04\server\node_modules\mongoose\lib\index.js:1149:10)
    at Mongoose.connect (C:\Users\Pc User\Desktop\angular_04\server\node_modules\mongoose\lib\index.js:350:20)
    at Object.<anonymous> (C:\Users\Pc User\Desktop\angular_04\server\server.js:17:10)
    at Module._compile (node:internal/modules/cjs/loader:1376:14)
    at Module._extensions..js (node:internal/modules/cjs/loader:1435:10)
    at Module.load (node:internal/modules/cjs/loader:1207:32)
    at Module._load (node:internal/modules/cjs/loader:1023:12)
    at Function.executeUserEntryPoint [as runMain] (node:internal/modules/run_main:135:12)
    at node:internal/main/run_main_module:28:49
2024-05-20 14:18:11 [31merror[39m: Error: Route.post() requires a callback function but got a [object Undefined]
    at Route.<computed> [as post] (C:\Users\Pc User\Desktop\angular_04\server\node_modules\express\lib\router\route.js:216:15)
    at proto.<computed> [as post] (C:\Users\Pc User\Desktop\angular_04\server\node_modules\express\lib\router\index.js:521:19)
    at Object.<anonymous> (C:\Users\Pc User\Desktop\angular_04\server\routes\users.js:10:8)
    at Module._compile (node:internal/modules/cjs/loader:1376:14)
    at Module._extensions..js (node:internal/modules/cjs/loader:1435:10)
    at Module.load (node:internal/modules/cjs/loader:1207:32)
    at Module._load (node:internal/modules/cjs/loader:1023:12)
    at Module.require (node:internal/modules/cjs/loader:1235:19)
    at require (node:internal/modules/helpers:176:18)
    at Object.<anonymous> (C:\Users\Pc User\Desktop\angular_04\server\server.js:23:15)
    at Module._compile (node:internal/modules/cjs/loader:1376:14)
    at Module._extensions..js (node:internal/modules/cjs/loader:1435:10)
    at Module.load (node:internal/modules/cjs/loader:1207:32)
    at Module._load (node:internal/modules/cjs/loader:1023:12)
    at Function.executeUserEntryPoint [as runMain] (node:internal/modules/run_main:135:12)
    at node:internal/main/run_main_module:28:49
2024-05-20 14:18:14 [31merror[39m: Error: Route.post() requires a callback function but got a [object Undefined]
    at Route.<computed> [as post] (C:\Users\Pc User\Desktop\angular_04\server\node_modules\express\lib\router\route.js:216:15)
    at proto.<computed> [as post] (C:\Users\Pc User\Desktop\angular_04\server\node_modules\express\lib\router\index.js:521:19)
    at Object.<anonymous> (C:\Users\Pc User\Desktop\angular_04\server\routes\users.js:10:8)
    at Module._compile (node:internal/modules/cjs/loader:1376:14)
    at Module._extensions..js (node:internal/modules/cjs/loader:1435:10)
    at Module.load (node:internal/modules/cjs/loader:1207:32)
    at Module._load (node:internal/modules/cjs/loader:1023:12)
    at Module.require (node:internal/modules/cjs/loader:1235:19)
    at require (node:internal/modules/helpers:176:18)
    at Object.<anonymous> (C:\Users\Pc User\Desktop\angular_04\server\server.js:23:15)
    at Module._compile (node:internal/modules/cjs/loader:1376:14)
    at Module._extensions..js (node:internal/modules/cjs/loader:1435:10)
    at Module.load (node:internal/modules/cjs/loader:1207:32)
    at Module._load (node:internal/modules/cjs/loader:1023:12)
    at Function.executeUserEntryPoint [as runMain] (node:internal/modules/run_main:135:12)
    at node:internal/main/run_main_module:28:49
2024-05-20 14:18:19 [31merror[39m: Error: Route.post() requires a callback function but got a [object Undefined]
    at Route.<computed> [as post] (C:\Users\Pc User\Desktop\angular_04\server\node_modules\express\lib\router\route.js:216:15)
    at proto.<computed> [as post] (C:\Users\Pc User\Desktop\angular_04\server\node_modules\express\lib\router\index.js:521:19)
    at Object.<anonymous> (C:\Users\Pc User\Desktop\angular_04\server\routes\users.js:10:8)
    at Module._compile (node:internal/modules/cjs/loader:1376:14)
    at Module._extensions..js (node:internal/modules/cjs/loader:1435:10)
    at Module.load (node:internal/modules/cjs/loader:1207:32)
    at Module._load (node:internal/modules/cjs/loader:1023:12)
    at Module.require (node:internal/modules/cjs/loader:1235:19)
    at require (node:internal/modules/helpers:176:18)
    at Object.<anonymous> (C:\Users\Pc User\Desktop\angular_04\server\server.js:23:15)
    at Module._compile (node:internal/modules/cjs/loader:1376:14)
    at Module._extensions..js (node:internal/modules/cjs/loader:1435:10)
    at Module.load (node:internal/modules/cjs/loader:1207:32)
    at Module._load (node:internal/modules/cjs/loader:1023:12)
    at Function.executeUserEntryPoint [as runMain] (node:internal/modules/run_main:135:12)
    at node:internal/main/run_main_module:28:49
